0 info it worked if it ends with ok
1 verbose cli [ 'node', '/usr/local/bin/npm', 'install', '-g', 'coffee-script' ]
2 info using npm@2.7.0
3 info using node@v0.12.0
4 verbose node symlink /usr/local/bin/node
5 silly cache add args [ 'coffee-script', null ]
6 verbose cache add spec coffee-script
7 silly cache add parsed spec { raw: 'coffee-script',
7 silly cache add   scope: null,
7 silly cache add   name: 'coffee-script',
7 silly cache add   rawSpec: '',
7 silly cache add   spec: '*',
7 silly cache add   type: 'range' }
8 verbose addNamed coffee-script@*
9 silly addNamed semver.valid null
10 silly addNamed semver.validRange *
11 silly addNameRange { name: 'coffee-script', range: '*', hasData: false }
12 silly mapToRegistry name coffee-script
13 silly mapToRegistry using default registry
14 silly mapToRegistry registry https://registry.npmjs.org/
15 silly mapToRegistry uri https://registry.npmjs.org/coffee-script
16 verbose addNameRange registry:https://registry.npmjs.org/coffee-script not in flight; fetching
17 verbose request uri https://registry.npmjs.org/coffee-script
18 verbose request no auth needed
19 info attempt registry request try #1 at 08:39:49
20 verbose request id ecbf80bbcc7de83f
21 verbose etag "59FNL14US22KHQLMICDHV4G7L"
22 http request GET https://registry.npmjs.org/coffee-script
23 http 200 https://registry.npmjs.org/coffee-script
24 silly get cb [ 200,
24 silly get   { server: 'CouchDB/1.5.0 (Erlang OTP/R16B03)',
24 silly get     etag: '"AFTHTFJ6N93AAH0I65IFXZ0AA"',
24 silly get     'content-type': 'application/json',
24 silly get     'cache-control': 'max-age=60',
24 silly get     'content-length': '38861',
24 silly get     'accept-ranges': 'bytes',
24 silly get     date: 'Mon, 08 Jun 2015 12:39:50 GMT',
24 silly get     via: '1.1 varnish',
24 silly get     age: '20',
24 silly get     connection: 'keep-alive',
24 silly get     'x-served-by': 'cache-atl6230-ATL',
24 silly get     'x-cache': 'HIT',
24 silly get     'x-cache-hits': '2',
24 silly get     'x-timer': 'S1433767190.144511,VS0,VE0',
24 silly get     vary: 'Accept' } ]
25 verbose get saving coffee-script to /Users/arthur/.npm/registry.npmjs.org/coffee-script/.cache.json
26 silly addNameRange number 2 { name: 'coffee-script', range: '*', hasData: true }
27 silly addNameRange versions [ 'coffee-script',
27 silly addNameRange   [ '0.7.0',
27 silly addNameRange     '0.7.1',
27 silly addNameRange     '0.7.2',
27 silly addNameRange     '0.9.0',
27 silly addNameRange     '0.9.1',
27 silly addNameRange     '0.9.2',
27 silly addNameRange     '0.9.3',
27 silly addNameRange     '0.9.4',
27 silly addNameRange     '0.9.5',
27 silly addNameRange     '0.9.6',
27 silly addNameRange     '1.0.0',
27 silly addNameRange     '1.0.1',
27 silly addNameRange     '1.1.0',
27 silly addNameRange     '1.1.1',
27 silly addNameRange     '1.1.2',
27 silly addNameRange     '1.1.3',
27 silly addNameRange     '1.2.0',
27 silly addNameRange     '1.3.0',
27 silly addNameRange     '1.3.1',
27 silly addNameRange     '1.3.2',
27 silly addNameRange     '1.3.3',
27 silly addNameRange     '1.4.0',
27 silly addNameRange     '1.5.0',
27 silly addNameRange     '1.6.0',
27 silly addNameRange     '1.6.1',
27 silly addNameRange     '1.6.2',
27 silly addNameRange     '1.6.3',
27 silly addNameRange     '1.7.0',
27 silly addNameRange     '1.7.1',
27 silly addNameRange     '1.8.0',
27 silly addNameRange     '1.9.0',
27 silly addNameRange     '1.9.1',
27 silly addNameRange     '1.9.2',
27 silly addNameRange     '1.9.3' ] ]
28 verbose addNamed coffee-script@1.9.3
29 silly addNamed semver.valid 1.9.3
30 silly addNamed semver.validRange 1.9.3
31 silly cache afterAdd coffee-script@1.9.3
32 verbose afterAdd /Users/arthur/.npm/coffee-script/1.9.3/package/package.json not in flight; writing
33 verbose afterAdd /Users/arthur/.npm/coffee-script/1.9.3/package/package.json written
34 silly install resolved [ { name: 'coffee-script',
34 silly install resolved     description: 'Unfancy JavaScript',
34 silly install resolved     keywords: [ 'javascript', 'language', 'coffeescript', 'compiler' ],
34 silly install resolved     author: { name: 'Jeremy Ashkenas' },
34 silly install resolved     version: '1.9.3',
34 silly install resolved     license: 'MIT',
34 silly install resolved     engines: { node: '>=0.8.0' },
34 silly install resolved     directories: { lib: './lib/coffee-script' },
34 silly install resolved     main: './lib/coffee-script/coffee-script',
34 silly install resolved     bin: { coffee: './bin/coffee', cake: './bin/cake' },
34 silly install resolved     preferGlobal: true,
34 silly install resolved     scripts:
34 silly install resolved      { test: 'node ./bin/cake test',
34 silly install resolved        'test-harmony': 'node --harmony ./bin/cake test' },
34 silly install resolved     homepage: 'http://coffeescript.org',
34 silly install resolved     bugs: { url: 'https://github.com/jashkenas/coffeescript/issues' },
34 silly install resolved     repository:
34 silly install resolved      { type: 'git',
34 silly install resolved        url: 'git://github.com/jashkenas/coffeescript.git' },
34 silly install resolved     devDependencies:
34 silly install resolved      { 'uglify-js': '~2.2',
34 silly install resolved        jison: '>=0.2.0',
34 silly install resolved        'highlight.js': '~8.0.0',
34 silly install resolved        underscore: '~1.5.2',
34 silly install resolved        docco: '~0.7.0' },
34 silly install resolved     gitHead: 'c37f284771e10b36239c714dcc40827510a6df5f',
34 silly install resolved     _id: 'coffee-script@1.9.3',
34 silly install resolved     _shasum: '596e6e83fcfcb67c5964ab70d444beff0ac04ac7',
34 silly install resolved     _from: 'coffee-script@*',
34 silly install resolved     _npmVersion: '1.4.28',
34 silly install resolved     _npmUser: { name: 'jashkenas', email: 'jashkenas@gmail.com' },
34 silly install resolved     maintainers: [ [Object], [Object] ],
34 silly install resolved     dist:
34 silly install resolved      { shasum: '596e6e83fcfcb67c5964ab70d444beff0ac04ac7',
34 silly install resolved        tarball: 'http://registry.npmjs.org/coffee-script/-/coffee-script-1.9.3.tgz' },
34 silly install resolved     _resolved: 'https://registry.npmjs.org/coffee-script/-/coffee-script-1.9.3.tgz',
34 silly install resolved     readme: 'ERROR: No README data found!' } ]
35 info install coffee-script@1.9.3 into /usr/local/lib
36 info installOne coffee-script@1.9.3
37 verbose installOne of coffee-script to /usr/local/lib not in flight; installing
38 verbose lock using /Users/arthur/.npm/_locks/coffee-script-7b01d0c2a8e2b5ed.lock for /usr/local/lib/node_modules/coffee-script
39 silly install write writing coffee-script 1.9.3 to /usr/local/lib/node_modules/coffee-script
40 silly cache addNamed cb coffee-script@1.9.3
41 verbose unbuild lib/node_modules/coffee-script
42 info preuninstall coffee-script@1.9.3
43 info uninstall coffee-script@1.9.3
44 verbose unbuild rmStuff coffee-script@1.9.3 from /usr/local/lib/node_modules
45 verbose gentlyRm verifying that /usr/local is managed by npm
46 verbose gentlyRm verifying that /usr/local is managed by npm
47 silly isManaged /usr/local is not inside /usr/local/lib/node_modules
48 silly isManaged /usr/local is not inside /usr/local/lib/node_modules
49 silly isManaged /usr/local/lib/node_modules is inside /usr/local
50 silly gentlyRm /usr/local is managed by npm
51 silly gentlyRm /usr/local/bin/cake is under /usr/local
52 verbose gentlyRm vacuuming /usr/local/bin/cake up to /usr/local
53 silly isManaged /usr/local/bin is inside /usr/local
54 silly gentlyRm /usr/local is managed by npm
55 silly gentlyRm /usr/local/bin/coffee is under /usr/local
56 verbose gentlyRm vacuuming /usr/local/bin/coffee up to /usr/local
57 silly gentlyRm removing /usr/local/bin/cake
58 silly gentlyRm removing /usr/local/bin/coffee
59 silly gentlyRm quitting because other entries in /usr/local/bin
60 silly gentlyRm quitting because other entries in /usr/local/bin
61 info postuninstall coffee-script@1.9.3
62 verbose gentlyRm vacuuming /usr/local/lib/node_modules/coffee-script
63 silly gentlyRm purging /usr/local/lib/node_modules/coffee-script
64 verbose unlock done using /Users/arthur/.npm/_locks/coffee-script-7b01d0c2a8e2b5ed.lock for /usr/local/lib/node_modules/coffee-script
65 verbose stack Error: EACCES, unlink '/usr/local/lib/node_modules/coffee-script'
65 verbose stack     at Error (native)
66 verbose cwd /Users/arthur/Code/trophus/trophus-rails
67 error Darwin 14.3.0
68 error argv "node" "/usr/local/bin/npm" "install" "-g" "coffee-script"
69 error node v0.12.0
70 error npm  v2.7.0
71 error path /usr/local/lib/node_modules/coffee-script
72 error code EACCES
73 error errno -13
74 error Error: EACCES, unlink '/usr/local/lib/node_modules/coffee-script'
74 error     at Error (native)
74 error  { [Error: EACCES, unlink '/usr/local/lib/node_modules/coffee-script']
74 error   errno: -13,
74 error   code: 'EACCES',
74 error   path: '/usr/local/lib/node_modules/coffee-script' }
75 error Please try running this command again as root/Administrator.
76 verbose exit [ -13, true ]
77 verbose unbuild lib/node_modules/coffee-script
78 info preuninstall coffee-script@1.9.3
79 info uninstall coffee-script@1.9.3
80 verbose unbuild rmStuff coffee-script@1.9.3 from /usr/local/lib/node_modules
81 verbose gentlyRm verifying that /usr/local is managed by npm
82 silly isManaged /usr/local is not inside /usr/local/lib/node_modules
83 silly isManaged /usr/local is not inside /usr/local/lib/node_modules
84 silly isManaged /usr/local is not inside /usr/local/bin
85 silly isManaged /usr/local is inside /usr/local
86 verbose gentlyRm verifying that /usr/local is managed by npm
87 silly isManaged /usr/local is not inside /usr/local/lib/node_modules
88 silly isManaged /usr/local is not inside /usr/local/lib/node_modules
89 silly isManaged /usr/local is not inside /usr/local/bin
90 silly isManaged /usr/local is inside /usr/local
91 silly gentlyRm /usr/local is managed by npm
92 silly gentlyRm /usr/local/bin/coffee is under /usr/local
93 verbose gentlyRm vacuuming /usr/local/bin/coffee up to /usr/local
94 silly gentlyRm /usr/local is managed by npm
95 silly gentlyRm /usr/local/bin/cake is under /usr/local
96 verbose gentlyRm vacuuming /usr/local/bin/cake up to /usr/local
97 info postuninstall coffee-script@1.9.3
98 verbose gentlyRm vacuuming /usr/local/lib/node_modules/coffee-script
99 silly gentlyRm purging /usr/local/lib/node_modules/coffee-script
100 error error rolling back Error: EACCES, unlink '/usr/local/lib/node_modules/coffee-script'
100 error error rolling back     at Error (native)
100 error error rolling back  { [Error: EACCES, unlink '/usr/local/lib/node_modules/coffee-script']
100 error error rolling back   errno: -13,
100 error error rolling back   code: 'EACCES',
100 error error rolling back   path: '/usr/local/lib/node_modules/coffee-script' }
